{"numFailedTestSuites":1,"numFailedTests":2,"numPassedTestSuites":0,"numPassedTests":0,"numPendingTestSuites":0,"numPendingTests":0,"numRuntimeErrorTestSuites":0,"numTodoTests":0,"numTotalTestSuites":1,"numTotalTests":2,"openHandles":[],"snapshot":{"added":0,"didUpdate":false,"failure":false,"filesAdded":0,"filesRemoved":0,"filesRemovedList":[],"filesUnmatched":0,"filesUpdated":0,"matched":0,"total":0,"unchecked":0,"uncheckedKeysByFile":[],"unmatched":0,"updated":0},"startTime":1771850511240,"success":false,"testResults":[{"assertionResults":[{"ancestorTitles":["Sidebar"],"duration":79,"failing":false,"failureDetails":[{"name":"TestingLibraryElementError"}],"failureMessages":["TestingLibraryElementError: Found multiple elements with the text: Dashboard\n\nHere are the matching elements:\n\nIgnored nodes: comments, script, style\n\u001b[36m<span\u001b[39m\n  \u001b[33mclass\u001b[39m=\u001b[32m\"md:hidden text-sm font-medium relative z-10\"\u001b[39m\n\u001b[36m>\u001b[39m\n  \u001b[0mDashboard\u001b[0m\n\u001b[36m</span>\u001b[39m\n\nIgnored nodes: comments, script, style\n\u001b[36m<span\u001b[39m\n  \u001b[33mclass\u001b[39m=\u001b[32m\"hidden md:block absolute left-14 bg-black/80 px-2 py-1 rounded text-xs opacity-0 group-hover:opacity-100 transition-opacity whitespace-nowrap pointer-events-none z-50\"\u001b[39m\n\u001b[36m>\u001b[39m\n  \u001b[0mDashboard\u001b[0m\n\u001b[36m</span>\u001b[39m\n\n(If this is intentional, then use the `*AllBy*` variant of the query (like `queryAllByText`, `getAllByText`, or `findAllByText`)).\n\nIgnored nodes: comments, script, style\n\u001b[36m<body>\u001b[39m\n  \u001b[36m<div>\u001b[39m\n    \u001b[36m<button\u001b[39m\n      \u001b[33mclass\u001b[39m=\u001b[32m\"md:hidden fixed top-4 left-4 z-50 p-2 rounded-lg bg-white/10 text-white backdrop-blur-sm\"\u001b[39m\n      \u001b[33mtabindex\u001b[39m=\u001b[32m\"0\"\u001b[39m\n    \u001b[36m>\u001b[39m\n      \u001b[36m<svg\u001b[39m\n        \u001b[33maria-hidden\u001b[39m=\u001b[32m\"true\"\u001b[39m\n        \u001b[33mclass\u001b[39m=\u001b[32m\"lucide lucide-menu\"\u001b[39m\n        \u001b[33mfill\u001b[39m=\u001b[32m\"none\"\u001b[39m\n        \u001b[33mheight\u001b[39m=\u001b[32m\"24\"\u001b[39m\n        \u001b[33mstroke\u001b[39m=\u001b[32m\"currentColor\"\u001b[39m\n        \u001b[33mstroke-linecap\u001b[39m=\u001b[32m\"round\"\u001b[39m\n        \u001b[33mstroke-linejoin\u001b[39m=\u001b[32m\"round\"\u001b[39m\n        \u001b[33mstroke-width\u001b[39m=\u001b[32m\"2\"\u001b[39m\n        \u001b[33mviewBox\u001b[39m=\u001b[32m\"0 0 24 24\"\u001b[39m\n        \u001b[33mwidth\u001b[39m=\u001b[32m\"24\"\u001b[39m\n        \u001b[33mxmlns\u001b[39m=\u001b[32m\"http://www.w3.org/2000/svg\"\u001b[39m\n      \u001b[36m>\u001b[39m\n        \u001b[36m<path\u001b[39m\n          \u001b[33md\u001b[39m=\u001b[32m\"M4 5h16\"\u001b[39m\n        \u001b[36m/>\u001b[39m\n        \u001b[36m<path\u001b[39m\n          \u001b[33md\u001b[39m=\u001b[32m\"M4 12h16\"\u001b[39m\n        \u001b[36m/>\u001b[39m\n        \u001b[36m<path\u001b[39m\n          \u001b[33md\u001b[39m=\u001b[32m\"M4 19h16\"\u001b[39m\n        \u001b[36m/>\u001b[39m\n      \u001b[36m</svg>\u001b[39m\n    \u001b[36m</button>\u001b[39m\n    \u001b[36m<nav\u001b[39m\n      \u001b[33mclass\u001b[39m=\u001b[32m\"\n          fixed md:relative z-50 md:z-auto\n          flex flex-col gap-6 w-[240px] md:w-[88px] h-screen md:h-[calc(100vh-32px)] \n          md:my-4 md:ml-4 glass-panel md:rounded-2xl items-center py-8 shrink-0 \n          shadow-glass border-r-0\n        \"\u001b[39m\n      \u001b[33mstyle\u001b[39m=\u001b[32m\"transform: none;\"\u001b[39m\n    \u001b[36m>\u001b[39m\n      \u001b[36m<button\u001b[39m\n        \u001b[33mclass\u001b[39m=\u001b[32m\"md:hidden absolute top-4 right-4 p-2 text-white/60 hover:text-white\"\u001b[39m\n        \u001b[33mtabindex\u001b[39m=\u001b[32m\"0\"\u001b[39m\n      \u001b[36m>\u001b[39m\n        \u001b[36m<svg\u001b[39m\n          \u001b[33maria-hidden\u001b[39m=\u001b[32m\"true\"\u001b[39m\n          \u001b[33mclass\u001b[39m=\u001b[32m\"lucide lucide-x\"\u001b[39m\n          \u001b[33mfill\u001b[39m=\u001b[32m\"none\"\u001b[39m\n          \u001b[33mheight\u001b[39m=\u001b[32m\"24\"\u001b[39m\n          \u001b[33mstroke\u001b[39m=\u001b[32m\"currentColor\"\u001b[39m\n          \u001b[33mstroke-linecap\u001b[39m=\u001b[32m\"round\"\u001b[39m\n          \u001b[33mstroke-linejoin\u001b[39m=\u001b[32m\"round\"\u001b[39m\n          \u001b[33mstroke-width\u001b[39m=\u001b[32m\"2\"\u001b[39m\n          \u001b[33mviewBox\u001b[39m=\u001b[32m\"0 0 24 24\"\u001b[39m\n          \u001b[33mwidth\u001b[39m=\u001b[32m\"24\"\u001b[39m\n          \u001b[33mxmlns\u001b[39m=\u001b[32m\"http://www.w3.org/2000/svg\"\u001b[39m\n        \u001b[36m>\u001b[39m\n          \u001b[36m<path\u001b[39m\n            \u001b[33md\u001b[39m=\u001b[32m\"M18 6 6 18\"\u001b[39m\n          \u001b[36m/>\u001b[39m\n          \u001b[36m<path\u001b[39m\n            \u001b[33md\u001b[39m=\u001b[32m\"m6 6 12 12\"\u001b[39m\n          \u001b[36m/>\u001b[39m\n        \u001b[36m</svg>\u001b[39m\n      \u001b[36m</button>\u001b[39m\n      \u001b[36m<div\u001b[39m\n        \u001b[33mclass\u001b[39m=\u001b[32m\"mb-6 relative group\"\u001b[39m\n        \u001b[33mstyle\u001b[39m=\u001b[32m\"opacity: 0; transform: scale(0);\"\u001b[39m\n      \u001b[36m>\u001b[39m\n        \u001b[36m<div\u001b[39m\n          \u001b[33mclass\u001b[39m=\u001b[32m\"\"\u001b[39m\n          \u001b[33mstyle\u001b[39m=\u001b[32m\"transition: transform 0.3s cubic-bezier(0.25, 0.4, 0.25, 1);\"\u001b[39m\n        \u001b[36m>\u001b[39m\n          \u001b[36m<div\u001b[39m\n            \u001b[33mclass\u001b[39m=\u001b[32m\"bg-center bg-no-repeat bg-cover rounded-full size-12 shadow-lg ring-2 ring-white/10\"\u001b[39m\n            \u001b[33mstyle\u001b[39m=\u001b[32m\"background-image: url(\\\"https://lh3.googleusercontent.com/aida-public/AB6AXuBXRt6dLsnIlX1FqjzEzocSMwA4U5jYadog5VnpuINqK2rcNy2lJyVmKHo-cSc7nOZEkRIWPFZP8btRf2iNM5eHJz5rvIsBx7V620ZutDXFBoJISXi4vx2GzPSHvRz7LXDpcs7RrfO4n-5eUoiFCl3awvnp731qmHDjJA671Z83FqNI7wavnAL_wqXyc3n6VyQd4HuGuws3BKB2wrzydcq8KouwQPiYXbXbbVTbDKOt-BB6OtqHMqTUuHFkLZq0ymACETLUYcxBrPXv\\\");\"\u001b[39m\n          \u001b[36m/>\u001b[39m\n        \u001b[36m</div>\u001b[39m\n        \u001b[36m<div\u001b[39m\n          \u001b[33mclass\u001b[39m=\u001b[32m\"absolute bottom-0 right-0 w-3 h-3 bg-green-500 border-2 border-[#1a1a2e] rounded-full\"\u001b[39m\n        \u001b[36m/>\u001b[39m\n      \u001b[36m</div>\u001b[39m\n      \u001b[36m<div\u001b[39m\n        \u001b[33mclass\u001b[39m=\u001b[32m\"flex flex-col gap-4 w-full px-4 items-center md:items-center flex-1\"\u001b[39m\n      \u001b[36m>\u001b[39m\n        \u001b[36m<div\u001b[39m\n          \u001b[33mstyle\u001b[39m=\u001b[32m\"opacity: 0; transform: translateX(-20px);\"\u001b[39m\n        \u001b[36m>\u001b[39m\n          \u001b[36m<a\u001b[39m\n            \u001b[33mclass\u001b[39m=\u001b[32m\"relative\"\u001b[39m\n            \u001b[33mhref\u001b[39m=\u001b[32m\"/\"\u001b[39m\n          \u001b[36m>\u001b[39m\n            \u001b[36m<div\u001b[39m\n              \u001b[33mclass\u001b[39m=\u001b[32m\"\n                    bg-primary/20 text-white shadow-[0_0_20px_-5px_rgba(37,99,235,0.3)]\n                  \"\u001b[39m\n              \u001b[33mtabindex\u001b[39m=\u001b[32m\"0\"\u001b[39m\n            \u001b[36m>\u001b[39m\n              \u001b[36m<div\u001b[39m\n                \u001b[33mclass\u001b[39m=\u001b[32m\"absolute inset-0 rounded-xl bg-primary/20 shadow-[0_0_15px_-3px_rgba(25,25,230,0.4)]\"\u001b[39m\n              \u001b[36m/>\u001b[39m\n              \u001b[36m<svg\u001b[39m\n                \u001b[33maria-hidden\u001b[39m=\u001b[32m\"true\"\u001b[39m\n                \u001b[33mclass\u001b[39m=\u001b[32m\"lucide lucide-house relative z-10\"\u001b[39m\n                \u001b[33mfill\u001b[39m=\u001b[32m\"none\"\u001b[39m\n                \u001b[33mheight\u001b[39m=\u001b[32m\"24\"\u001b[39m\n                \u001b[33mstroke\u001b[39m=\u001b[32m\"currentColor\"\u001b[39m\n                \u001b[33mstroke-linecap\u001b[39m=\u001b[32m\"round\"\u001b[39m\n                \u001b[33mstroke-linejoin\u001b[39m=\u001b[32m\"round\"\u001b[39m\n                \u001b[33mstroke-width\u001b[39m=\u001b[32m\"2\"\u001b[39m\n                \u001b[33mviewBox\u001b[39m=\u001b[32m\"0 0 24 24\"\u001b[39m\n                \u001b[33mwidth\u001b[39m=\u001b[32m\"24\"\u001b[39m\n                \u001b[33mxmlns\u001b[39m=\u001b[32m\"http://www.w3.org/2000/svg\"\u001b[39m\n              \u001b[36m>\u001b[39m\n                \u001b[36m<path\u001b[39m\n                  \u001b[33md\u001b[39m=\u001b[32m\"M15 21v-8a1 1 0 0 0-1-1h-4a1 1 0 0 0-1 1v8\"\u001b[39m\n                \u001b[36m/>\u001b[39m\n                \u001b[36m<path\u001b[39m\n                  \u001b[33md\u001b[39m=\u001b[32m\"M3 10a2 2 0 0 1 .709-1.528l7-6a2 2 0 0 1 2.582 0l7 6A2 2 0 0 1 21 10v9a2 2 0 0 1-2 2H5a2 2 0 0 1-2-2z\"\u001b[39m\n                \u001b[36m/>\u001b[39m\n              \u001b[36m</svg>\u001b[39m\n              \u001b[36m<span\u001b[39m\n                \u001b[33mclass\u001b[39m=\u001b[32m\"md:hidden text-sm font-medium relative z-10\"\u001b[39m\n              \u001b[36m>\u001b[39m\n                \u001b[0mDashboard\u001b[0m\n              \u001b[36m</span>\u001b[39m\n              \u001b[36m<span\u001b[39m\n                \u001b[33mclass\u001b[39m=\u001b[32m\"hidden md:block absolute left-14 bg-black/80 px-2 py-1 rounded text-xs opacity-0 group-hover:opacity-100 transition-opacity whitespace-nowrap pointer-events-none z-50\"\u001b[39m\n              \u001b[36m>\u001b[39m\n                \u001b[0mDashboard\u001b[0m\n              \u001b[36m</span>\u001b[39m\n            \u001b[36m</div>\u001b[39m\n          \u001b[36m</a>\u001b[39m\n        \u001b[36m</div>\u001b[39m\n        \u001b[36m<div\u001b[39m\n          \u001b[33mstyle\u001b[39m=\u001b[32m\"opacity: 0; transform: translateX(-20px);\"\u001b[39m\n        \u001b[36m>\u001b[39m\n          \u001b[36m<a\u001b[39m\n            \u001b[33mclass\u001b[39m=\u001b[32m\"relative\"\u001b[39m\n            \u001b[33mhref\u001b[39m=\u001b[32m\"/search\"\u001b[39m\n          \u001b[36m>\u001b[39m\n            \u001b[36m<div\u001b[39m\n              \u001b[33mclass\u001b[39m=\u001b[32m\"\n                    text-white/40 hover:text-white hover:bg-white/5\n                  \"\u001b[39m\n              \u001b[33mtabindex\u001b[39m=\u001b[32m\"0\"\u001b[39m\n            \u001b[36m>\u001b[39m\n              \u001b[36m<svg\u001b[39m\n                \u001b[33maria-hidden\u001b[39m=\u001b[32m\"true\"\u001b[39m\n                \u001b[33mclass\u001b[39m=\u001b[32m\"lucide lucide-search relative z-10\"\u001b[39m\n                \u001b[33mfill\u001b[39m=\u001b[32m\"none\"\u001b[39m\n                \u001b[33mheight\u001b[39m=\u001b[32m\"24\"\u001b[39m\n                \u001b[33mstroke\u001b[39m=\u001b[32m\"currentColor\"\u001b[39m\n                \u001b[33mstroke-lin...\n    at Object.getElementError (C:\\Users\\Siddharth\\OneDrive\\Desktop\\Cold emailing\\frontend\\node_modules\\@testing-library\\dom\\dist\\config.js:37:19)\n    at getElementError (C:\\Users\\Siddharth\\OneDrive\\Desktop\\Cold emailing\\frontend\\node_modules\\@testing-library\\dom\\dist\\query-helpers.js:20:35)\n    at getMultipleElementsFoundError (C:\\Users\\Siddharth\\OneDrive\\Desktop\\Cold emailing\\frontend\\node_modules\\@testing-library\\dom\\dist\\query-helpers.js:23:10)\n    at C:\\Users\\Siddharth\\OneDrive\\Desktop\\Cold emailing\\frontend\\node_modules\\@testing-library\\dom\\dist\\query-helpers.js:55:13\n    at C:\\Users\\Siddharth\\OneDrive\\Desktop\\Cold emailing\\frontend\\node_modules\\@testing-library\\dom\\dist\\query-helpers.js:95:19\n    at Object.getByText (C:\\Users\\Siddharth\\OneDrive\\Desktop\\Cold emailing\\frontend\\__tests__\\Sidebar.test.tsx:30:19)\n    at Promise.finally.completed (C:\\Users\\Siddharth\\OneDrive\\Desktop\\Cold emailing\\frontend\\node_modules\\jest-circus\\build\\jestAdapterInit.js:1557:28)\n    at new Promise (<anonymous>)\n    at callAsyncCircusFn (C:\\Users\\Siddharth\\OneDrive\\Desktop\\Cold emailing\\frontend\\node_modules\\jest-circus\\build\\jestAdapterInit.js:1497:10)\n    at _callCircusTest (C:\\Users\\Siddharth\\OneDrive\\Desktop\\Cold emailing\\frontend\\node_modules\\jest-circus\\build\\jestAdapterInit.js:1007:40)\n    at _runTest (C:\\Users\\Siddharth\\OneDrive\\Desktop\\Cold emailing\\frontend\\node_modules\\jest-circus\\build\\jestAdapterInit.js:947:3)\n    at C:\\Users\\Siddharth\\OneDrive\\Desktop\\Cold emailing\\frontend\\node_modules\\jest-circus\\build\\jestAdapterInit.js:849:7\n    at _runTestsForDescribeBlock (C:\\Users\\Siddharth\\OneDrive\\Desktop\\Cold emailing\\frontend\\node_modules\\jest-circus\\build\\jestAdapterInit.js:862:11)\n    at _runTestsForDescribeBlock (C:\\Users\\Siddharth\\OneDrive\\Desktop\\Cold emailing\\frontend\\node_modules\\jest-circus\\build\\jestAdapterInit.js:857:11)\n    at run (C:\\Users\\Siddharth\\OneDrive\\Desktop\\Cold emailing\\frontend\\node_modules\\jest-circus\\build\\jestAdapterInit.js:761:3)\n    at runAndTransformResultsToJestFormat (C:\\Users\\Siddharth\\OneDrive\\Desktop\\Cold emailing\\frontend\\node_modules\\jest-circus\\build\\jestAdapterInit.js:1918:21)\n    at jestAdapter (C:\\Users\\Siddharth\\OneDrive\\Desktop\\Cold emailing\\frontend\\node_modules\\jest-circus\\build\\runner.js:101:19)\n    at runTestInternal (C:\\Users\\Siddharth\\OneDrive\\Desktop\\Cold emailing\\frontend\\node_modules\\jest-runner\\build\\index.js:275:16)\n    at runTest (C:\\Users\\Siddharth\\OneDrive\\Desktop\\Cold emailing\\frontend\\node_modules\\jest-runner\\build\\index.js:343:7)"],"fullName":"Sidebar renders navigation links","invocations":1,"location":null,"numPassingAsserts":0,"retryReasons":[],"startAt":1771850512502,"status":"failed","title":"renders navigation links"},{"ancestorTitles":["Sidebar"],"duration":26,"failing":false,"failureDetails":[{"name":"TestingLibraryElementError"}],"failureMessages":["TestingLibraryElementError: Unable to find an element with the text: Log Out. This could be because the text is broken up by multiple elements. In this case, you can provide a function for your text matcher to make your matcher more flexible.\n\nIgnored nodes: comments, script, style\n\u001b[36m<body>\u001b[39m\n  \u001b[36m<div>\u001b[39m\n    \u001b[36m<button\u001b[39m\n      \u001b[33mclass\u001b[39m=\u001b[32m\"md:hidden fixed top-4 left-4 z-50 p-2 rounded-lg bg-white/10 text-white backdrop-blur-sm\"\u001b[39m\n      \u001b[33mtabindex\u001b[39m=\u001b[32m\"0\"\u001b[39m\n    \u001b[36m>\u001b[39m\n      \u001b[36m<svg\u001b[39m\n        \u001b[33maria-hidden\u001b[39m=\u001b[32m\"true\"\u001b[39m\n        \u001b[33mclass\u001b[39m=\u001b[32m\"lucide lucide-menu\"\u001b[39m\n        \u001b[33mfill\u001b[39m=\u001b[32m\"none\"\u001b[39m\n        \u001b[33mheight\u001b[39m=\u001b[32m\"24\"\u001b[39m\n        \u001b[33mstroke\u001b[39m=\u001b[32m\"currentColor\"\u001b[39m\n        \u001b[33mstroke-linecap\u001b[39m=\u001b[32m\"round\"\u001b[39m\n        \u001b[33mstroke-linejoin\u001b[39m=\u001b[32m\"round\"\u001b[39m\n        \u001b[33mstroke-width\u001b[39m=\u001b[32m\"2\"\u001b[39m\n        \u001b[33mviewBox\u001b[39m=\u001b[32m\"0 0 24 24\"\u001b[39m\n        \u001b[33mwidth\u001b[39m=\u001b[32m\"24\"\u001b[39m\n        \u001b[33mxmlns\u001b[39m=\u001b[32m\"http://www.w3.org/2000/svg\"\u001b[39m\n      \u001b[36m>\u001b[39m\n        \u001b[36m<path\u001b[39m\n          \u001b[33md\u001b[39m=\u001b[32m\"M4 5h16\"\u001b[39m\n        \u001b[36m/>\u001b[39m\n        \u001b[36m<path\u001b[39m\n          \u001b[33md\u001b[39m=\u001b[32m\"M4 12h16\"\u001b[39m\n        \u001b[36m/>\u001b[39m\n        \u001b[36m<path\u001b[39m\n          \u001b[33md\u001b[39m=\u001b[32m\"M4 19h16\"\u001b[39m\n        \u001b[36m/>\u001b[39m\n      \u001b[36m</svg>\u001b[39m\n    \u001b[36m</button>\u001b[39m\n    \u001b[36m<nav\u001b[39m\n      \u001b[33mclass\u001b[39m=\u001b[32m\"\n          fixed md:relative z-50 md:z-auto\n          flex flex-col gap-6 w-[240px] md:w-[88px] h-screen md:h-[calc(100vh-32px)] \n          md:my-4 md:ml-4 glass-panel md:rounded-2xl items-center py-8 shrink-0 \n          shadow-glass border-r-0\n        \"\u001b[39m\n      \u001b[33mstyle\u001b[39m=\u001b[32m\"transform: none;\"\u001b[39m\n    \u001b[36m>\u001b[39m\n      \u001b[36m<button\u001b[39m\n        \u001b[33mclass\u001b[39m=\u001b[32m\"md:hidden absolute top-4 right-4 p-2 text-white/60 hover:text-white\"\u001b[39m\n        \u001b[33mtabindex\u001b[39m=\u001b[32m\"0\"\u001b[39m\n      \u001b[36m>\u001b[39m\n        \u001b[36m<svg\u001b[39m\n          \u001b[33maria-hidden\u001b[39m=\u001b[32m\"true\"\u001b[39m\n          \u001b[33mclass\u001b[39m=\u001b[32m\"lucide lucide-x\"\u001b[39m\n          \u001b[33mfill\u001b[39m=\u001b[32m\"none\"\u001b[39m\n          \u001b[33mheight\u001b[39m=\u001b[32m\"24\"\u001b[39m\n          \u001b[33mstroke\u001b[39m=\u001b[32m\"currentColor\"\u001b[39m\n          \u001b[33mstroke-linecap\u001b[39m=\u001b[32m\"round\"\u001b[39m\n          \u001b[33mstroke-linejoin\u001b[39m=\u001b[32m\"round\"\u001b[39m\n          \u001b[33mstroke-width\u001b[39m=\u001b[32m\"2\"\u001b[39m\n          \u001b[33mviewBox\u001b[39m=\u001b[32m\"0 0 24 24\"\u001b[39m\n          \u001b[33mwidth\u001b[39m=\u001b[32m\"24\"\u001b[39m\n          \u001b[33mxmlns\u001b[39m=\u001b[32m\"http://www.w3.org/2000/svg\"\u001b[39m\n        \u001b[36m>\u001b[39m\n          \u001b[36m<path\u001b[39m\n            \u001b[33md\u001b[39m=\u001b[32m\"M18 6 6 18\"\u001b[39m\n          \u001b[36m/>\u001b[39m\n          \u001b[36m<path\u001b[39m\n            \u001b[33md\u001b[39m=\u001b[32m\"m6 6 12 12\"\u001b[39m\n          \u001b[36m/>\u001b[39m\n        \u001b[36m</svg>\u001b[39m\n      \u001b[36m</button>\u001b[39m\n      \u001b[36m<div\u001b[39m\n        \u001b[33mclass\u001b[39m=\u001b[32m\"mb-6 relative group\"\u001b[39m\n        \u001b[33mstyle\u001b[39m=\u001b[32m\"opacity: 0; transform: scale(0);\"\u001b[39m\n      \u001b[36m>\u001b[39m\n        \u001b[36m<div\u001b[39m\n          \u001b[33mclass\u001b[39m=\u001b[32m\"\"\u001b[39m\n          \u001b[33mstyle\u001b[39m=\u001b[32m\"transition: transform 0.3s cubic-bezier(0.25, 0.4, 0.25, 1);\"\u001b[39m\n        \u001b[36m>\u001b[39m\n          \u001b[36m<div\u001b[39m\n            \u001b[33mclass\u001b[39m=\u001b[32m\"bg-center bg-no-repeat bg-cover rounded-full size-12 shadow-lg ring-2 ring-white/10\"\u001b[39m\n            \u001b[33mstyle\u001b[39m=\u001b[32m\"background-image: url(\\\"https://lh3.googleusercontent.com/aida-public/AB6AXuBXRt6dLsnIlX1FqjzEzocSMwA4U5jYadog5VnpuINqK2rcNy2lJyVmKHo-cSc7nOZEkRIWPFZP8btRf2iNM5eHJz5rvIsBx7V620ZutDXFBoJISXi4vx2GzPSHvRz7LXDpcs7RrfO4n-5eUoiFCl3awvnp731qmHDjJA671Z83FqNI7wavnAL_wqXyc3n6VyQd4HuGuws3BKB2wrzydcq8KouwQPiYXbXbbVTbDKOt-BB6OtqHMqTUuHFkLZq0ymACETLUYcxBrPXv\\\");\"\u001b[39m\n          \u001b[36m/>\u001b[39m\n        \u001b[36m</div>\u001b[39m\n        \u001b[36m<div\u001b[39m\n          \u001b[33mclass\u001b[39m=\u001b[32m\"absolute bottom-0 right-0 w-3 h-3 bg-green-500 border-2 border-[#1a1a2e] rounded-full\"\u001b[39m\n        \u001b[36m/>\u001b[39m\n      \u001b[36m</div>\u001b[39m\n      \u001b[36m<div\u001b[39m\n        \u001b[33mclass\u001b[39m=\u001b[32m\"flex flex-col gap-4 w-full px-4 items-center md:items-center flex-1\"\u001b[39m\n      \u001b[36m>\u001b[39m\n        \u001b[36m<div\u001b[39m\n          \u001b[33mstyle\u001b[39m=\u001b[32m\"opacity: 0; transform: translateX(-20px);\"\u001b[39m\n        \u001b[36m>\u001b[39m\n          \u001b[36m<a\u001b[39m\n            \u001b[33mclass\u001b[39m=\u001b[32m\"relative\"\u001b[39m\n            \u001b[33mhref\u001b[39m=\u001b[32m\"/\"\u001b[39m\n          \u001b[36m>\u001b[39m\n            \u001b[36m<div\u001b[39m\n              \u001b[33mclass\u001b[39m=\u001b[32m\"\n                    bg-primary/20 text-white shadow-[0_0_20px_-5px_rgba(37,99,235,0.3)]\n                  \"\u001b[39m\n              \u001b[33mtabindex\u001b[39m=\u001b[32m\"0\"\u001b[39m\n            \u001b[36m>\u001b[39m\n              \u001b[36m<div\u001b[39m\n                \u001b[33mclass\u001b[39m=\u001b[32m\"absolute inset-0 rounded-xl bg-primary/20 shadow-[0_0_15px_-3px_rgba(25,25,230,0.4)]\"\u001b[39m\n              \u001b[36m/>\u001b[39m\n              \u001b[36m<svg\u001b[39m\n                \u001b[33maria-hidden\u001b[39m=\u001b[32m\"true\"\u001b[39m\n                \u001b[33mclass\u001b[39m=\u001b[32m\"lucide lucide-house relative z-10\"\u001b[39m\n                \u001b[33mfill\u001b[39m=\u001b[32m\"none\"\u001b[39m\n                \u001b[33mheight\u001b[39m=\u001b[32m\"24\"\u001b[39m\n                \u001b[33mstroke\u001b[39m=\u001b[32m\"currentColor\"\u001b[39m\n                \u001b[33mstroke-linecap\u001b[39m=\u001b[32m\"round\"\u001b[39m\n                \u001b[33mstroke-linejoin\u001b[39m=\u001b[32m\"round\"\u001b[39m\n                \u001b[33mstroke-width\u001b[39m=\u001b[32m\"2\"\u001b[39m\n                \u001b[33mviewBox\u001b[39m=\u001b[32m\"0 0 24 24\"\u001b[39m\n                \u001b[33mwidth\u001b[39m=\u001b[32m\"24\"\u001b[39m\n                \u001b[33mxmlns\u001b[39m=\u001b[32m\"http://www.w3.org/2000/svg\"\u001b[39m\n              \u001b[36m>\u001b[39m\n                \u001b[36m<path\u001b[39m\n                  \u001b[33md\u001b[39m=\u001b[32m\"M15 21v-8a1 1 0 0 0-1-1h-4a1 1 0 0 0-1 1v8\"\u001b[39m\n                \u001b[36m/>\u001b[39m\n                \u001b[36m<path\u001b[39m\n                  \u001b[33md\u001b[39m=\u001b[32m\"M3 10a2 2 0 0 1 .709-1.528l7-6a2 2 0 0 1 2.582 0l7 6A2 2 0 0 1 21 10v9a2 2 0 0 1-2 2H5a2 2 0 0 1-2-2z\"\u001b[39m\n                \u001b[36m/>\u001b[39m\n              \u001b[36m</svg>\u001b[39m\n              \u001b[36m<span\u001b[39m\n                \u001b[33mclass\u001b[39m=\u001b[32m\"md:hidden text-sm font-medium relative z-10\"\u001b[39m\n              \u001b[36m>\u001b[39m\n                \u001b[0mDashboard\u001b[0m\n              \u001b[36m</span>\u001b[39m\n              \u001b[36m<span\u001b[39m\n                \u001b[33mclass\u001b[39m=\u001b[32m\"hidden md:block absolute left-14 bg-black/80 px-2 py-1 rounded text-xs opacity-0 group-hover:opacity-100 transition-opacity whitespace-nowrap pointer-events-none z-50\"\u001b[39m\n              \u001b[36m>\u001b[39m\n                \u001b[0mDashboard\u001b[0m\n              \u001b[36m</span>\u001b[39m\n            \u001b[36m</div>\u001b[39m\n          \u001b[36m</a>\u001b[39m\n        \u001b[36m</div>\u001b[39m\n        \u001b[36m<div\u001b[39m\n          \u001b[33mstyle\u001b[39m=\u001b[32m\"opacity: 0; transform: translateX(-20px);\"\u001b[39m\n        \u001b[36m>\u001b[39m\n          \u001b[36m<a\u001b[39m\n            \u001b[33mclass\u001b[39m=\u001b[32m\"relative\"\u001b[39m\n            \u001b[33mhref\u001b[39m=\u001b[32m\"/search\"\u001b[39m\n          \u001b[36m>\u001b[39m\n            \u001b[36m<div\u001b[39m\n              \u001b[33mclass\u001b[39m=\u001b[32m\"\n                    text-white/40 hover:text-white hover:bg-white/5\n                  \"\u001b[39m\n              \u001b[33mtabindex\u001b[39m=\u001b[32m\"0\"\u001b[39m\n            \u001b[36m>\u001b[39m\n              \u001b[36m<svg\u001b[39m\n                \u001b[33maria-hidden\u001b[39m=\u001b[32m\"true\"\u001b[39m\n                \u001b[33mclass\u001b[39m=\u001b[32m\"lucide lucide-search relative z-10\"\u001b[39m\n                \u001b[33mfill\u001b[39m=\u001b[32m\"none\"\u001b[39m\n                \u001b[33mheight\u001b[39m=\u001b[32m\"24\"\u001b[39m\n                \u001b[33mstroke\u001b[39m=\u001b[32m\"currentColor\"\u001b[39m\n                \u001b[33mstroke-lin...\n    at Object.getElementError (C:\\Users\\Siddharth\\OneDrive\\Desktop\\Cold emailing\\frontend\\node_modules\\@testing-library\\dom\\dist\\config.js:37:19)\n    at C:\\Users\\Siddharth\\OneDrive\\Desktop\\Cold emailing\\frontend\\node_modules\\@testing-library\\dom\\dist\\query-helpers.js:76:38\n    at C:\\Users\\Siddharth\\OneDrive\\Desktop\\Cold emailing\\frontend\\node_modules\\@testing-library\\dom\\dist\\query-helpers.js:52:17\n    at C:\\Users\\Siddharth\\OneDrive\\Desktop\\Cold emailing\\frontend\\node_modules\\@testing-library\\dom\\dist\\query-helpers.js:95:19\n    at Object.getByText (C:\\Users\\Siddharth\\OneDrive\\Desktop\\Cold emailing\\frontend\\__tests__\\Sidebar.test.tsx:38:19)\n    at Promise.finally.completed (C:\\Users\\Siddharth\\OneDrive\\Desktop\\Cold emailing\\frontend\\node_modules\\jest-circus\\build\\jestAdapterInit.js:1557:28)\n    at new Promise (<anonymous>)\n    at callAsyncCircusFn (C:\\Users\\Siddharth\\OneDrive\\Desktop\\Cold emailing\\frontend\\node_modules\\jest-circus\\build\\jestAdapterInit.js:1497:10)\n    at _callCircusTest (C:\\Users\\Siddharth\\OneDrive\\Desktop\\Cold emailing\\frontend\\node_modules\\jest-circus\\build\\jestAdapterInit.js:1007:40)\n    at _runTest (C:\\Users\\Siddharth\\OneDrive\\Desktop\\Cold emailing\\frontend\\node_modules\\jest-circus\\build\\jestAdapterInit.js:947:3)\n    at C:\\Users\\Siddharth\\OneDrive\\Desktop\\Cold emailing\\frontend\\node_modules\\jest-circus\\build\\jestAdapterInit.js:849:7\n    at _runTestsForDescribeBlock (C:\\Users\\Siddharth\\OneDrive\\Desktop\\Cold emailing\\frontend\\node_modules\\jest-circus\\build\\jestAdapterInit.js:862:11)\n    at _runTestsForDescribeBlock (C:\\Users\\Siddharth\\OneDrive\\Desktop\\Cold emailing\\frontend\\node_modules\\jest-circus\\build\\jestAdapterInit.js:857:11)\n    at run (C:\\Users\\Siddharth\\OneDrive\\Desktop\\Cold emailing\\frontend\\node_modules\\jest-circus\\build\\jestAdapterInit.js:761:3)\n    at runAndTransformResultsToJestFormat (C:\\Users\\Siddharth\\OneDrive\\Desktop\\Cold emailing\\frontend\\node_modules\\jest-circus\\build\\jestAdapterInit.js:1918:21)\n    at jestAdapter (C:\\Users\\Siddharth\\OneDrive\\Desktop\\Cold emailing\\frontend\\node_modules\\jest-circus\\build\\runner.js:101:19)\n    at runTestInternal (C:\\Users\\Siddharth\\OneDrive\\Desktop\\Cold emailing\\frontend\\node_modules\\jest-runner\\build\\index.js:275:16)\n    at runTest (C:\\Users\\Siddharth\\OneDrive\\Desktop\\Cold emailing\\frontend\\node_modules\\jest-runner\\build\\index.js:343:7)"],"fullName":"Sidebar renders the log out button","invocations":1,"location":null,"numPassingAsserts":0,"retryReasons":[],"startAt":1771850512588,"status":"failed","title":"renders the log out button"}],"endTime":1771850512635,"message":"\u001b[1m\u001b[31m  \u001b[1m● \u001b[22m\u001b[1mSidebar › renders navigation links\u001b[39m\u001b[22m\n\n    TestingLibraryElementError: Found multiple elements with the text: Dashboard\n\n    Here are the matching elements:\n\n    Ignored nodes: comments, script, style\n    \u001b[36m<span\u001b[39m\n      \u001b[33mclass\u001b[39m=\u001b[32m\"md:hidden text-sm font-medium relative z-10\"\u001b[39m\n    \u001b[36m>\u001b[39m\n      \u001b[0mDashboard\u001b[0m\n    \u001b[36m</span>\u001b[39m\n\n    Ignored nodes: comments, script, style\n    \u001b[36m<span\u001b[39m\n      \u001b[33mclass\u001b[39m=\u001b[32m\"hidden md:block absolute left-14 bg-black/80 px-2 py-1 rounded text-xs opacity-0 group-hover:opacity-100 transition-opacity whitespace-nowrap pointer-events-none z-50\"\u001b[39m\n    \u001b[36m>\u001b[39m\n      \u001b[0mDashboard\u001b[0m\n    \u001b[36m</span>\u001b[39m\n\n    (If this is intentional, then use the `*AllBy*` variant of the query (like `queryAllByText`, `getAllByText`, or `findAllByText`)).\n\n    Ignored nodes: comments, script, style\n    \u001b[36m<body>\u001b[39m\n      \u001b[36m<div>\u001b[39m\n        \u001b[36m<button\u001b[39m\n          \u001b[33mclass\u001b[39m=\u001b[32m\"md:hidden fixed top-4 left-4 z-50 p-2 rounded-lg bg-white/10 text-white backdrop-blur-sm\"\u001b[39m\n          \u001b[33mtabindex\u001b[39m=\u001b[32m\"0\"\u001b[39m\n        \u001b[36m>\u001b[39m\n          \u001b[36m<svg\u001b[39m\n            \u001b[33maria-hidden\u001b[39m=\u001b[32m\"true\"\u001b[39m\n            \u001b[33mclass\u001b[39m=\u001b[32m\"lucide lucide-menu\"\u001b[39m\n            \u001b[33mfill\u001b[39m=\u001b[32m\"none\"\u001b[39m\n            \u001b[33mheight\u001b[39m=\u001b[32m\"24\"\u001b[39m\n            \u001b[33mstroke\u001b[39m=\u001b[32m\"currentColor\"\u001b[39m\n            \u001b[33mstroke-linecap\u001b[39m=\u001b[32m\"round\"\u001b[39m\n            \u001b[33mstroke-linejoin\u001b[39m=\u001b[32m\"round\"\u001b[39m\n            \u001b[33mstroke-width\u001b[39m=\u001b[32m\"2\"\u001b[39m\n            \u001b[33mviewBox\u001b[39m=\u001b[32m\"0 0 24 24\"\u001b[39m\n            \u001b[33mwidth\u001b[39m=\u001b[32m\"24\"\u001b[39m\n            \u001b[33mxmlns\u001b[39m=\u001b[32m\"http://www.w3.org/2000/svg\"\u001b[39m\n          \u001b[36m>\u001b[39m\n            \u001b[36m<path\u001b[39m\n              \u001b[33md\u001b[39m=\u001b[32m\"M4 5h16\"\u001b[39m\n            \u001b[36m/>\u001b[39m\n            \u001b[36m<path\u001b[39m\n              \u001b[33md\u001b[39m=\u001b[32m\"M4 12h16\"\u001b[39m\n            \u001b[36m/>\u001b[39m\n            \u001b[36m<path\u001b[39m\n              \u001b[33md\u001b[39m=\u001b[32m\"M4 19h16\"\u001b[39m\n            \u001b[36m/>\u001b[39m\n          \u001b[36m</svg>\u001b[39m\n        \u001b[36m</button>\u001b[39m\n        \u001b[36m<nav\u001b[39m\n          \u001b[33mclass\u001b[39m=\u001b[32m\"\n              fixed md:relative z-50 md:z-auto\n              flex flex-col gap-6 w-[240px] md:w-[88px] h-screen md:h-[calc(100vh-32px)] \n              md:my-4 md:ml-4 glass-panel md:rounded-2xl items-center py-8 shrink-0 \n              shadow-glass border-r-0\n            \"\u001b[39m\n          \u001b[33mstyle\u001b[39m=\u001b[32m\"transform: none;\"\u001b[39m\n        \u001b[36m>\u001b[39m\n          \u001b[36m<button\u001b[39m\n            \u001b[33mclass\u001b[39m=\u001b[32m\"md:hidden absolute top-4 right-4 p-2 text-white/60 hover:text-white\"\u001b[39m\n            \u001b[33mtabindex\u001b[39m=\u001b[32m\"0\"\u001b[39m\n          \u001b[36m>\u001b[39m\n            \u001b[36m<svg\u001b[39m\n              \u001b[33maria-hidden\u001b[39m=\u001b[32m\"true\"\u001b[39m\n              \u001b[33mclass\u001b[39m=\u001b[32m\"lucide lucide-x\"\u001b[39m\n              \u001b[33mfill\u001b[39m=\u001b[32m\"none\"\u001b[39m\n              \u001b[33mheight\u001b[39m=\u001b[32m\"24\"\u001b[39m\n              \u001b[33mstroke\u001b[39m=\u001b[32m\"currentColor\"\u001b[39m\n              \u001b[33mstroke-linecap\u001b[39m=\u001b[32m\"round\"\u001b[39m\n              \u001b[33mstroke-linejoin\u001b[39m=\u001b[32m\"round\"\u001b[39m\n              \u001b[33mstroke-width\u001b[39m=\u001b[32m\"2\"\u001b[39m\n              \u001b[33mviewBox\u001b[39m=\u001b[32m\"0 0 24 24\"\u001b[39m\n              \u001b[33mwidth\u001b[39m=\u001b[32m\"24\"\u001b[39m\n              \u001b[33mxmlns\u001b[39m=\u001b[32m\"http://www.w3.org/2000/svg\"\u001b[39m\n            \u001b[36m>\u001b[39m\n              \u001b[36m<path\u001b[39m\n                \u001b[33md\u001b[39m=\u001b[32m\"M18 6 6 18\"\u001b[39m\n              \u001b[36m/>\u001b[39m\n              \u001b[36m<path\u001b[39m\n                \u001b[33md\u001b[39m=\u001b[32m\"m6 6 12 12\"\u001b[39m\n              \u001b[36m/>\u001b[39m\n            \u001b[36m</svg>\u001b[39m\n          \u001b[36m</button>\u001b[39m\n          \u001b[36m<div\u001b[39m\n            \u001b[33mclass\u001b[39m=\u001b[32m\"mb-6 relative group\"\u001b[39m\n            \u001b[33mstyle\u001b[39m=\u001b[32m\"opacity: 0; transform: scale(0);\"\u001b[39m\n          \u001b[36m>\u001b[39m\n            \u001b[36m<div\u001b[39m\n              \u001b[33mclass\u001b[39m=\u001b[32m\"\"\u001b[39m\n              \u001b[33mstyle\u001b[39m=\u001b[32m\"transition: transform 0.3s cubic-bezier(0.25, 0.4, 0.25, 1);\"\u001b[39m\n            \u001b[36m>\u001b[39m\n              \u001b[36m<div\u001b[39m\n                \u001b[33mclass\u001b[39m=\u001b[32m\"bg-center bg-no-repeat bg-cover rounded-full size-12 shadow-lg ring-2 ring-white/10\"\u001b[39m\n                \u001b[33mstyle\u001b[39m=\u001b[32m\"background-image: url(\\\"https://lh3.googleusercontent.com/aida-public/AB6AXuBXRt6dLsnIlX1FqjzEzocSMwA4U5jYadog5VnpuINqK2rcNy2lJyVmKHo-cSc7nOZEkRIWPFZP8btRf2iNM5eHJz5rvIsBx7V620ZutDXFBoJISXi4vx2GzPSHvRz7LXDpcs7RrfO4n-5eUoiFCl3awvnp731qmHDjJA671Z83FqNI7wavnAL_wqXyc3n6VyQd4HuGuws3BKB2wrzydcq8KouwQPiYXbXbbVTbDKOt-BB6OtqHMqTUuHFkLZq0ymACETLUYcxBrPXv\\\");\"\u001b[39m\n              \u001b[36m/>\u001b[39m\n            \u001b[36m</div>\u001b[39m\n            \u001b[36m<div\u001b[39m\n              \u001b[33mclass\u001b[39m=\u001b[32m\"absolute bottom-0 right-0 w-3 h-3 bg-green-500 border-2 border-[#1a1a2e] rounded-full\"\u001b[39m\n            \u001b[36m/>\u001b[39m\n          \u001b[36m</div>\u001b[39m\n          \u001b[36m<div\u001b[39m\n            \u001b[33mclass\u001b[39m=\u001b[32m\"flex flex-col gap-4 w-full px-4 items-center md:items-center flex-1\"\u001b[39m\n          \u001b[36m>\u001b[39m\n            \u001b[36m<div\u001b[39m\n              \u001b[33mstyle\u001b[39m=\u001b[32m\"opacity: 0; transform: translateX(-20px);\"\u001b[39m\n            \u001b[36m>\u001b[39m\n              \u001b[36m<a\u001b[39m\n                \u001b[33mclass\u001b[39m=\u001b[32m\"relative\"\u001b[39m\n                \u001b[33mhref\u001b[39m=\u001b[32m\"/\"\u001b[39m\n              \u001b[36m>\u001b[39m\n                \u001b[36m<div\u001b[39m\n                  \u001b[33mclass\u001b[39m=\u001b[32m\"\n                        bg-primary/20 text-white shadow-[0_0_20px_-5px_rgba(37,99,235,0.3)]\n                      \"\u001b[39m\n                  \u001b[33mtabindex\u001b[39m=\u001b[32m\"0\"\u001b[39m\n                \u001b[36m>\u001b[39m\n                  \u001b[36m<div\u001b[39m\n                    \u001b[33mclass\u001b[39m=\u001b[32m\"absolute inset-0 rounded-xl bg-primary/20 shadow-[0_0_15px_-3px_rgba(25,25,230,0.4)]\"\u001b[39m\n                  \u001b[36m/>\u001b[39m\n                  \u001b[36m<svg\u001b[39m\n                    \u001b[33maria-hidden\u001b[39m=\u001b[32m\"true\"\u001b[39m\n                    \u001b[33mclass\u001b[39m=\u001b[32m\"lucide lucide-house relative z-10\"\u001b[39m\n                    \u001b[33mfill\u001b[39m=\u001b[32m\"none\"\u001b[39m\n                    \u001b[33mheight\u001b[39m=\u001b[32m\"24\"\u001b[39m\n                    \u001b[33mstroke\u001b[39m=\u001b[32m\"currentColor\"\u001b[39m\n                    \u001b[33mstroke-linecap\u001b[39m=\u001b[32m\"round\"\u001b[39m\n                    \u001b[33mstroke-linejoin\u001b[39m=\u001b[32m\"round\"\u001b[39m\n                    \u001b[33mstroke-width\u001b[39m=\u001b[32m\"2\"\u001b[39m\n                    \u001b[33mviewBox\u001b[39m=\u001b[32m\"0 0 24 24\"\u001b[39m\n                    \u001b[33mwidth\u001b[39m=\u001b[32m\"24\"\u001b[39m\n                    \u001b[33mxmlns\u001b[39m=\u001b[32m\"http://www.w3.org/2000/svg\"\u001b[39m\n                  \u001b[36m>\u001b[39m\n                    \u001b[36m<path\u001b[39m\n                      \u001b[33md\u001b[39m=\u001b[32m\"M15 21v-8a1 1 0 0 0-1-1h-4a1 1 0 0 0-1 1v8\"\u001b[39m\n                    \u001b[36m/>\u001b[39m\n                    \u001b[36m<path\u001b[39m\n                      \u001b[33md\u001b[39m=\u001b[32m\"M3 10a2 2 0 0 1 .709-1.528l7-6a2 2 0 0 1 2.582 0l7 6A2 2 0 0 1 21 10v9a2 2 0 0 1-2 2H5a2 2 0 0 1-2-2z\"\u001b[39m\n                    \u001b[36m/>\u001b[39m\n                  \u001b[36m</svg>\u001b[39m\n                  \u001b[36m<span\u001b[39m\n                    \u001b[33mclass\u001b[39m=\u001b[32m\"md:hidden text-sm font-medium relative z-10\"\u001b[39m\n                  \u001b[36m>\u001b[39m\n                    \u001b[0mDashboard\u001b[0m\n                  \u001b[36m</span>\u001b[39m\n                  \u001b[36m<span\u001b[39m\n                    \u001b[33mclass\u001b[39m=\u001b[32m\"hidden md:block absolute left-14 bg-black/80 px-2 py-1 rounded text-xs opacity-0 group-hover:opacity-100 transition-opacity whitespace-nowrap pointer-events-none z-50\"\u001b[39m\n                  \u001b[36m>\u001b[39m\n                    \u001b[0mDashboard\u001b[0m\n                  \u001b[36m</span>\u001b[39m\n                \u001b[36m</div>\u001b[39m\n              \u001b[36m</a>\u001b[39m\n            \u001b[36m</div>\u001b[39m\n            \u001b[36m<div\u001b[39m\n              \u001b[33mstyle\u001b[39m=\u001b[32m\"opacity: 0; transform: translateX(-20px);\"\u001b[39m\n            \u001b[36m>\u001b[39m\n              \u001b[36m<a\u001b[39m\n                \u001b[33mclass\u001b[39m=\u001b[32m\"relative\"\u001b[39m\n                \u001b[33mhref\u001b[39m=\u001b[32m\"/search\"\u001b[39m\n              \u001b[36m>\u001b[39m\n                \u001b[36m<div\u001b[39m\n                  \u001b[33mclass\u001b[39m=\u001b[32m\"\n                        text-white/40 hover:text-white hover:bg-white/5\n                      \"\u001b[39m\n                  \u001b[33mtabindex\u001b[39m=\u001b[32m\"0\"\u001b[39m\n                \u001b[36m>\u001b[39m\n                  \u001b[36m<svg\u001b[39m\n                    \u001b[33maria-hidden\u001b[39m=\u001b[32m\"true\"\u001b[39m\n                    \u001b[33mclass\u001b[39m=\u001b[32m\"lucide lucide-search relative z-10\"\u001b[39m\n                    \u001b[33mfill\u001b[39m=\u001b[32m\"none\"\u001b[39m\n                    \u001b[33mheight\u001b[39m=\u001b[32m\"24\"\u001b[39m\n                    \u001b[33mstroke\u001b[39m=\u001b[32m\"currentColor\"\u001b[39m\n                    \u001b[33mstroke-lin...\n\u001b[2m\u001b[22m\n\u001b[2m    \u001b[0m \u001b[90m 28 |\u001b[39m     \u001b[22m\n\u001b[2m     \u001b[90m 29 |\u001b[39m     \u001b[90m// Check if expected navigation items exist\u001b[39m\u001b[22m\n\u001b[2m    \u001b[31m\u001b[1m>\u001b[22m\u001b[2m\u001b[39m\u001b[90m 30 |\u001b[39m     expect(screen\u001b[33m.\u001b[39mgetByText(\u001b[32m'Dashboard'\u001b[39m))\u001b[33m.\u001b[39mtoBeInTheDocument()\u001b[22m\n\u001b[2m     \u001b[90m    |\u001b[39m                   \u001b[31m\u001b[1m^\u001b[22m\u001b[2m\u001b[39m\u001b[22m\n\u001b[2m     \u001b[90m 31 |\u001b[39m     expect(screen\u001b[33m.\u001b[39mgetByText(\u001b[32m'Pipeline'\u001b[39m))\u001b[33m.\u001b[39mtoBeInTheDocument()\u001b[22m\n\u001b[2m     \u001b[90m 32 |\u001b[39m     expect(screen\u001b[33m.\u001b[39mgetByText(\u001b[32m'Search'\u001b[39m))\u001b[33m.\u001b[39mtoBeInTheDocument()\u001b[22m\n\u001b[2m     \u001b[90m 33 |\u001b[39m     expect(screen\u001b[33m.\u001b[39mgetByText(\u001b[32m'Settings'\u001b[39m))\u001b[33m.\u001b[39mtoBeInTheDocument()\u001b[0m\u001b[22m\n\u001b[2m\u001b[22m\n\u001b[2m      \u001b[2mat Object.getElementError (\u001b[22m\u001b[2mnode_modules/@testing-library/dom/dist/config.js\u001b[2m:37:19)\u001b[22m\u001b[2m\u001b[22m\n\u001b[2m      \u001b[2mat getElementError (\u001b[22m\u001b[2mnode_modules/@testing-library/dom/dist/query-helpers.js\u001b[2m:20:35)\u001b[22m\u001b[2m\u001b[22m\n\u001b[2m      \u001b[2mat getMultipleElementsFoundError (\u001b[22m\u001b[2mnode_modules/@testing-library/dom/dist/query-helpers.js\u001b[2m:23:10)\u001b[22m\u001b[2m\u001b[22m\n\u001b[2m      \u001b[2mat \u001b[22m\u001b[2mnode_modules/@testing-library/dom/dist/query-helpers.js\u001b[2m:55:13\u001b[22m\u001b[2m\u001b[22m\n\u001b[2m      \u001b[2mat \u001b[22m\u001b[2mnode_modules/@testing-library/dom/dist/query-helpers.js\u001b[2m:95:19\u001b[22m\u001b[2m\u001b[22m\n\u001b[2m      \u001b[2mat Object.getByText (\u001b[22m\u001b[2m\u001b[0m\u001b[36m__tests__/Sidebar.test.tsx\u001b[39m\u001b[0m\u001b[2m:30:19)\u001b[22m\u001b[2m\u001b[22m\n\n\u001b[1m\u001b[31m  \u001b[1m● \u001b[22m\u001b[1mSidebar › renders the log out button\u001b[39m\u001b[22m\n\n    TestingLibraryElementError: Unable to find an element with the text: Log Out. This could be because the text is broken up by multiple elements. In this case, you can provide a function for your text matcher to make your matcher more flexible.\n\n    Ignored nodes: comments, script, style\n    \u001b[36m<body>\u001b[39m\n      \u001b[36m<div>\u001b[39m\n        \u001b[36m<button\u001b[39m\n          \u001b[33mclass\u001b[39m=\u001b[32m\"md:hidden fixed top-4 left-4 z-50 p-2 rounded-lg bg-white/10 text-white backdrop-blur-sm\"\u001b[39m\n          \u001b[33mtabindex\u001b[39m=\u001b[32m\"0\"\u001b[39m\n        \u001b[36m>\u001b[39m\n          \u001b[36m<svg\u001b[39m\n            \u001b[33maria-hidden\u001b[39m=\u001b[32m\"true\"\u001b[39m\n            \u001b[33mclass\u001b[39m=\u001b[32m\"lucide lucide-menu\"\u001b[39m\n            \u001b[33mfill\u001b[39m=\u001b[32m\"none\"\u001b[39m\n            \u001b[33mheight\u001b[39m=\u001b[32m\"24\"\u001b[39m\n            \u001b[33mstroke\u001b[39m=\u001b[32m\"currentColor\"\u001b[39m\n            \u001b[33mstroke-linecap\u001b[39m=\u001b[32m\"round\"\u001b[39m\n            \u001b[33mstroke-linejoin\u001b[39m=\u001b[32m\"round\"\u001b[39m\n            \u001b[33mstroke-width\u001b[39m=\u001b[32m\"2\"\u001b[39m\n            \u001b[33mviewBox\u001b[39m=\u001b[32m\"0 0 24 24\"\u001b[39m\n            \u001b[33mwidth\u001b[39m=\u001b[32m\"24\"\u001b[39m\n            \u001b[33mxmlns\u001b[39m=\u001b[32m\"http://www.w3.org/2000/svg\"\u001b[39m\n          \u001b[36m>\u001b[39m\n            \u001b[36m<path\u001b[39m\n              \u001b[33md\u001b[39m=\u001b[32m\"M4 5h16\"\u001b[39m\n            \u001b[36m/>\u001b[39m\n            \u001b[36m<path\u001b[39m\n              \u001b[33md\u001b[39m=\u001b[32m\"M4 12h16\"\u001b[39m\n            \u001b[36m/>\u001b[39m\n            \u001b[36m<path\u001b[39m\n              \u001b[33md\u001b[39m=\u001b[32m\"M4 19h16\"\u001b[39m\n            \u001b[36m/>\u001b[39m\n          \u001b[36m</svg>\u001b[39m\n        \u001b[36m</button>\u001b[39m\n        \u001b[36m<nav\u001b[39m\n          \u001b[33mclass\u001b[39m=\u001b[32m\"\n              fixed md:relative z-50 md:z-auto\n              flex flex-col gap-6 w-[240px] md:w-[88px] h-screen md:h-[calc(100vh-32px)] \n              md:my-4 md:ml-4 glass-panel md:rounded-2xl items-center py-8 shrink-0 \n              shadow-glass border-r-0\n            \"\u001b[39m\n          \u001b[33mstyle\u001b[39m=\u001b[32m\"transform: none;\"\u001b[39m\n        \u001b[36m>\u001b[39m\n          \u001b[36m<button\u001b[39m\n            \u001b[33mclass\u001b[39m=\u001b[32m\"md:hidden absolute top-4 right-4 p-2 text-white/60 hover:text-white\"\u001b[39m\n            \u001b[33mtabindex\u001b[39m=\u001b[32m\"0\"\u001b[39m\n          \u001b[36m>\u001b[39m\n            \u001b[36m<svg\u001b[39m\n              \u001b[33maria-hidden\u001b[39m=\u001b[32m\"true\"\u001b[39m\n              \u001b[33mclass\u001b[39m=\u001b[32m\"lucide lucide-x\"\u001b[39m\n              \u001b[33mfill\u001b[39m=\u001b[32m\"none\"\u001b[39m\n              \u001b[33mheight\u001b[39m=\u001b[32m\"24\"\u001b[39m\n              \u001b[33mstroke\u001b[39m=\u001b[32m\"currentColor\"\u001b[39m\n              \u001b[33mstroke-linecap\u001b[39m=\u001b[32m\"round\"\u001b[39m\n              \u001b[33mstroke-linejoin\u001b[39m=\u001b[32m\"round\"\u001b[39m\n              \u001b[33mstroke-width\u001b[39m=\u001b[32m\"2\"\u001b[39m\n              \u001b[33mviewBox\u001b[39m=\u001b[32m\"0 0 24 24\"\u001b[39m\n              \u001b[33mwidth\u001b[39m=\u001b[32m\"24\"\u001b[39m\n              \u001b[33mxmlns\u001b[39m=\u001b[32m\"http://www.w3.org/2000/svg\"\u001b[39m\n            \u001b[36m>\u001b[39m\n              \u001b[36m<path\u001b[39m\n                \u001b[33md\u001b[39m=\u001b[32m\"M18 6 6 18\"\u001b[39m\n              \u001b[36m/>\u001b[39m\n              \u001b[36m<path\u001b[39m\n                \u001b[33md\u001b[39m=\u001b[32m\"m6 6 12 12\"\u001b[39m\n              \u001b[36m/>\u001b[39m\n            \u001b[36m</svg>\u001b[39m\n          \u001b[36m</button>\u001b[39m\n          \u001b[36m<div\u001b[39m\n            \u001b[33mclass\u001b[39m=\u001b[32m\"mb-6 relative group\"\u001b[39m\n            \u001b[33mstyle\u001b[39m=\u001b[32m\"opacity: 0; transform: scale(0);\"\u001b[39m\n          \u001b[36m>\u001b[39m\n            \u001b[36m<div\u001b[39m\n              \u001b[33mclass\u001b[39m=\u001b[32m\"\"\u001b[39m\n              \u001b[33mstyle\u001b[39m=\u001b[32m\"transition: transform 0.3s cubic-bezier(0.25, 0.4, 0.25, 1);\"\u001b[39m\n            \u001b[36m>\u001b[39m\n              \u001b[36m<div\u001b[39m\n                \u001b[33mclass\u001b[39m=\u001b[32m\"bg-center bg-no-repeat bg-cover rounded-full size-12 shadow-lg ring-2 ring-white/10\"\u001b[39m\n                \u001b[33mstyle\u001b[39m=\u001b[32m\"background-image: url(\\\"https://lh3.googleusercontent.com/aida-public/AB6AXuBXRt6dLsnIlX1FqjzEzocSMwA4U5jYadog5VnpuINqK2rcNy2lJyVmKHo-cSc7nOZEkRIWPFZP8btRf2iNM5eHJz5rvIsBx7V620ZutDXFBoJISXi4vx2GzPSHvRz7LXDpcs7RrfO4n-5eUoiFCl3awvnp731qmHDjJA671Z83FqNI7wavnAL_wqXyc3n6VyQd4HuGuws3BKB2wrzydcq8KouwQPiYXbXbbVTbDKOt-BB6OtqHMqTUuHFkLZq0ymACETLUYcxBrPXv\\\");\"\u001b[39m\n              \u001b[36m/>\u001b[39m\n            \u001b[36m</div>\u001b[39m\n            \u001b[36m<div\u001b[39m\n              \u001b[33mclass\u001b[39m=\u001b[32m\"absolute bottom-0 right-0 w-3 h-3 bg-green-500 border-2 border-[#1a1a2e] rounded-full\"\u001b[39m\n            \u001b[36m/>\u001b[39m\n          \u001b[36m</div>\u001b[39m\n          \u001b[36m<div\u001b[39m\n            \u001b[33mclass\u001b[39m=\u001b[32m\"flex flex-col gap-4 w-full px-4 items-center md:items-center flex-1\"\u001b[39m\n          \u001b[36m>\u001b[39m\n            \u001b[36m<div\u001b[39m\n              \u001b[33mstyle\u001b[39m=\u001b[32m\"opacity: 0; transform: translateX(-20px);\"\u001b[39m\n            \u001b[36m>\u001b[39m\n              \u001b[36m<a\u001b[39m\n                \u001b[33mclass\u001b[39m=\u001b[32m\"relative\"\u001b[39m\n                \u001b[33mhref\u001b[39m=\u001b[32m\"/\"\u001b[39m\n              \u001b[36m>\u001b[39m\n                \u001b[36m<div\u001b[39m\n                  \u001b[33mclass\u001b[39m=\u001b[32m\"\n                        bg-primary/20 text-white shadow-[0_0_20px_-5px_rgba(37,99,235,0.3)]\n                      \"\u001b[39m\n                  \u001b[33mtabindex\u001b[39m=\u001b[32m\"0\"\u001b[39m\n                \u001b[36m>\u001b[39m\n                  \u001b[36m<div\u001b[39m\n                    \u001b[33mclass\u001b[39m=\u001b[32m\"absolute inset-0 rounded-xl bg-primary/20 shadow-[0_0_15px_-3px_rgba(25,25,230,0.4)]\"\u001b[39m\n                  \u001b[36m/>\u001b[39m\n                  \u001b[36m<svg\u001b[39m\n                    \u001b[33maria-hidden\u001b[39m=\u001b[32m\"true\"\u001b[39m\n                    \u001b[33mclass\u001b[39m=\u001b[32m\"lucide lucide-house relative z-10\"\u001b[39m\n                    \u001b[33mfill\u001b[39m=\u001b[32m\"none\"\u001b[39m\n                    \u001b[33mheight\u001b[39m=\u001b[32m\"24\"\u001b[39m\n                    \u001b[33mstroke\u001b[39m=\u001b[32m\"currentColor\"\u001b[39m\n                    \u001b[33mstroke-linecap\u001b[39m=\u001b[32m\"round\"\u001b[39m\n                    \u001b[33mstroke-linejoin\u001b[39m=\u001b[32m\"round\"\u001b[39m\n                    \u001b[33mstroke-width\u001b[39m=\u001b[32m\"2\"\u001b[39m\n                    \u001b[33mviewBox\u001b[39m=\u001b[32m\"0 0 24 24\"\u001b[39m\n                    \u001b[33mwidth\u001b[39m=\u001b[32m\"24\"\u001b[39m\n                    \u001b[33mxmlns\u001b[39m=\u001b[32m\"http://www.w3.org/2000/svg\"\u001b[39m\n                  \u001b[36m>\u001b[39m\n                    \u001b[36m<path\u001b[39m\n                      \u001b[33md\u001b[39m=\u001b[32m\"M15 21v-8a1 1 0 0 0-1-1h-4a1 1 0 0 0-1 1v8\"\u001b[39m\n                    \u001b[36m/>\u001b[39m\n                    \u001b[36m<path\u001b[39m\n                      \u001b[33md\u001b[39m=\u001b[32m\"M3 10a2 2 0 0 1 .709-1.528l7-6a2 2 0 0 1 2.582 0l7 6A2 2 0 0 1 21 10v9a2 2 0 0 1-2 2H5a2 2 0 0 1-2-2z\"\u001b[39m\n                    \u001b[36m/>\u001b[39m\n                  \u001b[36m</svg>\u001b[39m\n                  \u001b[36m<span\u001b[39m\n                    \u001b[33mclass\u001b[39m=\u001b[32m\"md:hidden text-sm font-medium relative z-10\"\u001b[39m\n                  \u001b[36m>\u001b[39m\n                    \u001b[0mDashboard\u001b[0m\n                  \u001b[36m</span>\u001b[39m\n                  \u001b[36m<span\u001b[39m\n                    \u001b[33mclass\u001b[39m=\u001b[32m\"hidden md:block absolute left-14 bg-black/80 px-2 py-1 rounded text-xs opacity-0 group-hover:opacity-100 transition-opacity whitespace-nowrap pointer-events-none z-50\"\u001b[39m\n                  \u001b[36m>\u001b[39m\n                    \u001b[0mDashboard\u001b[0m\n                  \u001b[36m</span>\u001b[39m\n                \u001b[36m</div>\u001b[39m\n              \u001b[36m</a>\u001b[39m\n            \u001b[36m</div>\u001b[39m\n            \u001b[36m<div\u001b[39m\n              \u001b[33mstyle\u001b[39m=\u001b[32m\"opacity: 0; transform: translateX(-20px);\"\u001b[39m\n            \u001b[36m>\u001b[39m\n              \u001b[36m<a\u001b[39m\n                \u001b[33mclass\u001b[39m=\u001b[32m\"relative\"\u001b[39m\n                \u001b[33mhref\u001b[39m=\u001b[32m\"/search\"\u001b[39m\n              \u001b[36m>\u001b[39m\n                \u001b[36m<div\u001b[39m\n                  \u001b[33mclass\u001b[39m=\u001b[32m\"\n                        text-white/40 hover:text-white hover:bg-white/5\n                      \"\u001b[39m\n                  \u001b[33mtabindex\u001b[39m=\u001b[32m\"0\"\u001b[39m\n                \u001b[36m>\u001b[39m\n                  \u001b[36m<svg\u001b[39m\n                    \u001b[33maria-hidden\u001b[39m=\u001b[32m\"true\"\u001b[39m\n                    \u001b[33mclass\u001b[39m=\u001b[32m\"lucide lucide-search relative z-10\"\u001b[39m\n                    \u001b[33mfill\u001b[39m=\u001b[32m\"none\"\u001b[39m\n                    \u001b[33mheight\u001b[39m=\u001b[32m\"24\"\u001b[39m\n                    \u001b[33mstroke\u001b[39m=\u001b[32m\"currentColor\"\u001b[39m\n                    \u001b[33mstroke-lin...\n\u001b[2m\u001b[22m\n\u001b[2m    \u001b[0m \u001b[90m 36 |\u001b[39m   it(\u001b[32m'renders the log out button'\u001b[39m\u001b[33m,\u001b[39m () \u001b[33m=>\u001b[39m {\u001b[22m\n\u001b[2m     \u001b[90m 37 |\u001b[39m     render(\u001b[33m<\u001b[39m\u001b[33mSidebar\u001b[39m \u001b[33m/\u001b[39m\u001b[33m>\u001b[39m)\u001b[22m\n\u001b[2m    \u001b[31m\u001b[1m>\u001b[22m\u001b[2m\u001b[39m\u001b[90m 38 |\u001b[39m     expect(screen\u001b[33m.\u001b[39mgetByText(\u001b[32m'Log Out'\u001b[39m))\u001b[33m.\u001b[39mtoBeInTheDocument()\u001b[22m\n\u001b[2m     \u001b[90m    |\u001b[39m                   \u001b[31m\u001b[1m^\u001b[22m\u001b[2m\u001b[39m\u001b[22m\n\u001b[2m     \u001b[90m 39 |\u001b[39m   })\u001b[22m\n\u001b[2m     \u001b[90m 40 |\u001b[39m })\u001b[22m\n\u001b[2m     \u001b[90m 41 |\u001b[39m\u001b[0m\u001b[22m\n\u001b[2m\u001b[22m\n\u001b[2m      \u001b[2mat Object.getElementError (\u001b[22m\u001b[2mnode_modules/@testing-library/dom/dist/config.js\u001b[2m:37:19)\u001b[22m\u001b[2m\u001b[22m\n\u001b[2m      \u001b[2mat \u001b[22m\u001b[2mnode_modules/@testing-library/dom/dist/query-helpers.js\u001b[2m:76:38\u001b[22m\u001b[2m\u001b[22m\n\u001b[2m      \u001b[2mat \u001b[22m\u001b[2mnode_modules/@testing-library/dom/dist/query-helpers.js\u001b[2m:52:17\u001b[22m\u001b[2m\u001b[22m\n\u001b[2m      \u001b[2mat \u001b[22m\u001b[2mnode_modules/@testing-library/dom/dist/query-helpers.js\u001b[2m:95:19\u001b[22m\u001b[2m\u001b[22m\n\u001b[2m      \u001b[2mat Object.getByText (\u001b[22m\u001b[2m\u001b[0m\u001b[36m__tests__/Sidebar.test.tsx\u001b[39m\u001b[0m\u001b[2m:38:19)\u001b[22m\u001b[2m\u001b[22m\n","name":"C:\\Users\\Siddharth\\OneDrive\\Desktop\\Cold emailing\\frontend\\__tests__\\Sidebar.test.tsx","startTime":1771850511863,"status":"failed","summary":""}],"wasInterrupted":false}
